<?xml version="1.0" encoding="UTF-8"?>
<!-- Generated by org.testng.reporters.JUnitXMLReporter -->
<testsuite ignored="0" hostname="JYOTHI" failures="4" tests="4" name="LoginTest" time="0.072" errors="0" timestamp="14 Jun 2021 22:48:23 GMT">
  <testcase classname="login.Login_TC01" name="login" time="0.012">
    <failure type="java.io.FileNotFoundException" message="C:\Users\jyoth\eclipse-workspace\ApiAutomation\src\test\java\file.properties (The system cannot find the file specified)">
      <![CDATA[java.io.FileNotFoundException: C:\Users\jyoth\eclipse-workspace\ApiAutomation\src\test\java\file.properties (The system cannot find the file specified)
at java.base/java.io.FileInputStream.open0(Native Method)
at java.base/java.io.FileInputStream.open(FileInputStream.java:212)
at java.base/java.io.FileInputStream.<init>(FileInputStream.java:154)
at java.base/java.io.FileInputStream.<init>(FileInputStream.java:109)
at login.Reusable.readFile(Reusable.java:16)
at login.Login_TC01.login(Login_TC01.java:26)
at java.base/java.util.concurrent.FutureTask.run(FutureTask.java:264)
at java.base/java.util.concurrent.ThreadPoolExecutor.runWorker(ThreadPoolExecutor.java:1130)
at java.base/java.util.concurrent.ThreadPoolExecutor$Worker.run(ThreadPoolExecutor.java:630)
at java.base/java.lang.Thread.run(Thread.java:832)
... Removed 16 stack frames]]>
    </failure>
  </testcase> <!-- login -->
  <testcase classname="login.GetData" name="getData" time="0.006">
    <failure type="java.io.FileNotFoundException" message="C:\Users\jyoth\eclipse-workspace\ApiAutomation\src\test\java\file.properties (The system cannot find the file specified)">
      <![CDATA[java.io.FileNotFoundException: C:\Users\jyoth\eclipse-workspace\ApiAutomation\src\test\java\file.properties (The system cannot find the file specified)
at java.base/java.io.FileInputStream.open0(Native Method)
at java.base/java.io.FileInputStream.open(FileInputStream.java:212)
at java.base/java.io.FileInputStream.<init>(FileInputStream.java:154)
at java.base/java.io.FileInputStream.<init>(FileInputStream.java:109)
at login.Reusable.readFile(Reusable.java:16)
at login.GetData.getData(GetData.java:17)
at java.base/java.util.concurrent.FutureTask.run(FutureTask.java:264)
at java.base/java.util.concurrent.ThreadPoolExecutor.runWorker(ThreadPoolExecutor.java:1130)
at java.base/java.util.concurrent.ThreadPoolExecutor$Worker.run(ThreadPoolExecutor.java:630)
at java.base/java.lang.Thread.run(Thread.java:832)
... Removed 16 stack frames]]>
    </failure>
  </testcase> <!-- getData -->
  <testcase classname="login.AddData" name="addData" time="0.005">
    <failure type="java.io.FileNotFoundException" message="C:\Users\jyoth\eclipse-workspace\ApiAutomation\src\test\java\file.properties (The system cannot find the file specified)">
      <![CDATA[java.io.FileNotFoundException: C:\Users\jyoth\eclipse-workspace\ApiAutomation\src\test\java\file.properties (The system cannot find the file specified)
at java.base/java.io.FileInputStream.open0(Native Method)
at java.base/java.io.FileInputStream.open(FileInputStream.java:212)
at java.base/java.io.FileInputStream.<init>(FileInputStream.java:154)
at java.base/java.io.FileInputStream.<init>(FileInputStream.java:109)
at login.Reusable.readFile(Reusable.java:16)
at login.AddData.addData(AddData.java:18)
at java.base/java.util.concurrent.FutureTask.run(FutureTask.java:264)
at java.base/java.util.concurrent.ThreadPoolExecutor.runWorker(ThreadPoolExecutor.java:1130)
at java.base/java.util.concurrent.ThreadPoolExecutor$Worker.run(ThreadPoolExecutor.java:630)
at java.base/java.lang.Thread.run(Thread.java:832)
... Removed 16 stack frames]]>
    </failure>
  </testcase> <!-- addData -->
  <testcase classname="login.logout" name="logout" time="0.001">
    <failure type="java.io.FileNotFoundException" message="C:\Users\jyoth\eclipse-workspace\ApiAutomation\src\test\java\file.properties (The system cannot find the file specified)">
      <![CDATA[java.io.FileNotFoundException: C:\Users\jyoth\eclipse-workspace\ApiAutomation\src\test\java\file.properties (The system cannot find the file specified)
at java.base/java.io.FileInputStream.open0(Native Method)
at java.base/java.io.FileInputStream.open(FileInputStream.java:212)
at java.base/java.io.FileInputStream.<init>(FileInputStream.java:154)
at java.base/java.io.FileInputStream.<init>(FileInputStream.java:109)
at login.Reusable.readFile(Reusable.java:16)
at login.logout.logout(logout.java:18)
at java.base/java.util.concurrent.FutureTask.run(FutureTask.java:264)
at java.base/java.util.concurrent.ThreadPoolExecutor.runWorker(ThreadPoolExecutor.java:1130)
at java.base/java.util.concurrent.ThreadPoolExecutor$Worker.run(ThreadPoolExecutor.java:630)
at java.base/java.lang.Thread.run(Thread.java:832)
... Removed 16 stack frames]]>
    </failure>
  </testcase> <!-- logout -->
</testsuite> <!-- LoginTest -->
